<?xml version="1.0" encoding="UTF-8"?>
<!-- Generated by org.testng.reporters.JUnitReportReporter -->
<testsuite hostname="DESKTOP-5O0FCEA" failures="0" tests="2" name="com.rest.api.EmployeeApiE2E" time="5.203" errors="0" timestamp="2023-07-18T12:39:23 IST" skipped="0">
  <testcase classname="com.rest.api.EmployeeApiE2E" name="addEmployee" time="1.739"/>
  <system-out/>
  <testcase classname="com.rest.api.EmployeeApiE2E" name="getAllEmplyeesData" time="3.464"/>
  <system-out/>
</testsuite> <!-- com.rest.api.EmployeeApiE2E -->
